<?xml version="1.0" encoding="UTF-8"?>
<!-- Generated by org.testng.reporters.JUnitReportReporter -->
<testsuite skipped="0" hostname="DESKTOP-BFPC3TG" name="Testng1.Test4" tests="3" failures="0" timestamp="2020-04-30T02:38:21 IST" time="0.012" errors="0">
  <testcase name="WebloginHomeLoan" time="0.003" classname="Testng1.Test4"/>
  <system-out/>
  <testcase name="RestAPIloginHomeLoan" time="0.004" classname="Testng1.Test4"/>
  <system-out/>
  <testcase name="MobileloginHomeLoan" time="0.005" classname="Testng1.Test4"/>
  <system-out/>
</testsuite> <!-- Testng1.Test4 -->
