<?xml version="1.0" encoding="UTF-8"?>
<!-- Generated by org.testng.reporters.JUnitReportReporter -->
<testsuite skipped="0" hostname="DESKTOP-BFPC3TG" name="Testng1.Test3" tests="2" failures="0" timestamp="2020-04-30T02:38:21 IST" time="0.002" errors="0">
  <testcase name="WebloginCarLoan" time="0.001" classname="Testng1.Test3"/>
  <system-out/>
  <testcase name="RestAPIloginCarLoan" time="0.001" classname="Testng1.Test3"/>
  <system-out/>
</testsuite> <!-- Testng1.Test3 -->
