<?xml version="1.0" encoding="UTF-8"?>
<!-- Generated by org.testng.reporters.JUnitReportReporter -->
<testsuite skipped="0" hostname="DESKTOP-BFPC3TG" name="Testng1.Test1" tests="1" failures="0" timestamp="2020-04-30T02:38:21 IST" time="0.022" errors="0">
  <testcase name="Demo" time="0.022" classname="Testng1.Test1"/>
  <system-out/>
</testsuite> <!-- Testng1.Test1 -->
